<?xml version="1.0" encoding="UTF-8"?>
<testsuite name="selenium.tests.exam_tests.SearchResultsPageTest" tests="4" skipped="0" failures="0" errors="0" timestamp="2020-07-28T15:50:32" hostname="V-STARCHOUS-PC" time="0.048">
  <properties/>
  <testcase name="testAllPricesAreInUSD" classname="selenium.tests.exam_tests.SearchResultsPageTest" time="0.006"/>
  <testcase name="testPriceWithDiscountCalculatedCorrectly" classname="selenium.tests.exam_tests.SearchResultsPageTest" time="0.003"/>
  <testcase name="testProductsAreSortedByPriceFromHighToLow" classname="selenium.tests.exam_tests.SearchResultsPageTest" time="0.001"/>
  <testcase name="testSearchResultsCounter" classname="selenium.tests.exam_tests.SearchResultsPageTest" time="0.032"/>
  <system-out><![CDATA[]]></system-out>
  <system-err><![CDATA[]]></system-err>
</testsuite>
