<?xml version="1.0" encoding="UTF-8"?>
<testsuite name="selenium.tests.exam_tests.CurrencyTest" tests="4" skipped="0" failures="0" errors="0" timestamp="2020-07-28T18:32:31" hostname="DESKTOP-DONVLUQ" time="12.779">
  <properties/>
  <testcase name="testDefaultSelectedCurrency" classname="selenium.tests.exam_tests.CurrencyTest" time="3.055"/>
  <testcase name="testEURCurrencySelection" classname="selenium.tests.exam_tests.CurrencyTest" time="3.14"/>
  <testcase name="testUAHCurrencySelection" classname="selenium.tests.exam_tests.CurrencyTest" time="3.146"/>
  <testcase name="testUSDCurrencySelection" classname="selenium.tests.exam_tests.CurrencyTest" time="2.884"/>
  <system-out><![CDATA[]]></system-out>
  <system-err><![CDATA[Starting OperaDriver 84.0.4147.89 (19abfe7bcba9318a0b2a6bc6634a67fc834aa592-refs/branch-heads/4147@{#852}) on port 3762
Only local connections are allowed.
Please see https://chromedriver.chromium.org/security-considerations for suggestions on keeping OperaDriver safe.
OperaDriver was started successfully.
лип. 28, 2020 9:32:25 PM org.openqa.selenium.remote.ProtocolHandshake createSession
INFO: Detected dialect: OSS
]]></system-err>
</testsuite>
