<?xml version="1.0" encoding="UTF-8"?>
<testsuite name="selenium.tests.exam_tests.SearchResultsPageTest" tests="4" skipped="0" failures="0" errors="0" timestamp="2020-07-28T18:32:49" hostname="DESKTOP-DONVLUQ" time="0.085">
  <properties/>
  <testcase name="testAllPricesAreInUSD" classname="selenium.tests.exam_tests.SearchResultsPageTest" time="0.0"/>
  <testcase name="testPriceWithDiscountCalculatedCorrectly" classname="selenium.tests.exam_tests.SearchResultsPageTest" time="0.0"/>
  <testcase name="testProductsAreSortedByPriceFromHighToLow" classname="selenium.tests.exam_tests.SearchResultsPageTest" time="0.0"/>
  <testcase name="testSearchResultsCounter" classname="selenium.tests.exam_tests.SearchResultsPageTest" time="0.047"/>
  <system-out><![CDATA[]]></system-out>
  <system-err><![CDATA[]]></system-err>
</testsuite>
