<?xml version="1.0" encoding="UTF-8"?>
<testsuite name="selenium.tests.exam_tests.CurrencyTest" tests="4" skipped="0" failures="0" errors="0" timestamp="2020-07-28T16:25:32" hostname="V-STARCHOUS-PC" time="7.27">
  <properties/>
  <testcase name="testDefaultSelectedCurrency" classname="selenium.tests.exam_tests.CurrencyTest" time="1.09"/>
  <testcase name="testEURCurrencySelection" classname="selenium.tests.exam_tests.CurrencyTest" time="1.913"/>
  <testcase name="testUAHCurrencySelection" classname="selenium.tests.exam_tests.CurrencyTest" time="1.975"/>
  <testcase name="testUSDCurrencySelection" classname="selenium.tests.exam_tests.CurrencyTest" time="2.108"/>
  <system-out><![CDATA[]]></system-out>
  <system-err><![CDATA[Starting ChromeDriver 84.0.4147.30 (48b3e868b4cc0aa7e8149519690b6f6949e110a8-refs/branch-heads/4147@{#310}) on port 26055
Only local connections are allowed.
Please see https://chromedriver.chromium.org/security-considerations for suggestions on keeping ChromeDriver safe.
ChromeDriver was started successfully.
июл 28, 2020 7:25:29 PM org.openqa.selenium.remote.ProtocolHandshake createSession
INFO: Detected dialect: W3C
]]></system-err>
</testsuite>
